_( = Symbol(298.6275862068965,139,311.3724137931034,284,'(')
node_( = BSTNode(data=_()
tacto.js:2589 _— = Symbol(325,187.57142857142858,479,238.42857142857144,'—')
node_— = BSTNode(data=_—)
tacto.js:2589 _8 = Symbol(326,169,345,213,'8')
node_8 = BSTNode(data=_8)
tacto.js:2589 _2 = Symbol(345,154,364,198,'2')
node_2 = BSTNode(data=_2)
tacto.js:2589 _+ = Symbol(379,169,400,213,'+')
node_+ = BSTNode(data=_+)
tacto.js:2589 _5 = Symbol(386,227,405,271,'5')
node_5 = BSTNode(data=_5)
tacto.js:2589 _7 = Symbol(405,227,424,271,'7')
node_7 = BSTNode(data=_7)
tacto.js:2589 _1 = Symbol(415,169,434,213,'1')
node_1 = BSTNode(data=_1)
tacto.js:2589 _4 = Symbol(434,169,453,213,'4')
node_4 = BSTNode(data=_4)
tacto.js:2589 _3 = Symbol(453,169,472,213,'3')
node_3 = BSTNode(data=_3)
tacto.js:2589 _) = Symbol(496.01785714285717,155,508.9821428571429,267,')')
node_) = BSTNode(data=_))
tacto.js:2593 _res = 'EXPRESSION([(]{CONTAINS([—]{ABOVE([8]{SUPER([2]) } , [+], [1], [4], [3]) BELOW([5], [7]) } , [)]) } ) '